<?xml version="1.0" encoding="UTF-8"?>
<!-- Generated by org.testng.reporters.JUnitXMLReporter -->
<testsuite hostname="PC-20181220MZWC" name="用户管理系统测试用例" tests="4" failures="0" timestamp="5 Aug 2022 16:54:00 GMT" time="0.988" errors="0">
  <testcase name="loginTrue" time="0.353" classname="com.course.cases.LoginTest"/>
  <testcase name="loginFalse" time="0.029" classname="com.course.cases.LoginTest"/>
  <testcase name="addUser" time="0.038" classname="com.course.cases.AddUserTest"/>
  <testcase name="getUserInfo" time="0.175" classname="com.course.cases.GetUserInfoTest"/>
</testsuite> <!-- 用户管理系统测试用例 -->
