<?xml version="1.0" encoding="UTF-8"?>
<testsuite xmlns:xsi="http://www.w3.org/2001/XMLSchema-instance" xsi:noNamespaceSchemaLocation="https://maven.apache.org/surefire/maven-surefire-plugin/xsd/surefire-test-report.xsd" name="TestSuite" time="1.662" tests="4" errors="0" skipped="0" failures="0">
  <properties>
[...]
</properties>
  <testcase name="loginTrue" classname="com.course.cases.LoginTest" time="0.353"/>
  <testcase name="loginFalse" classname="com.course.cases.LoginTest" time="0.029"/>
  <testcase name="addUser" classname="com.course.cases.AddUserTest" time="0.038"/>
  <testcase name="getUserInfo" classname="com.course.cases.GetUserInfoTest" time="0.175"/>
</testsuite>